c:\users\srikanth\missionrndprojects\mock_2\spec\debug\spec.pch
c:\users\srikanth\missionrndprojects\mock_2\spec\debug\vc120.pdb
c:\users\srikanth\missionrndprojects\mock_2\spec\debug\stdafx.obj
c:\users\srikanth\missionrndprojects\mock_2\spec\debug\pillarsspec.obj
c:\users\srikanth\missionrndprojects\mock_2\spec\debug\oddevenspec.obj
c:\users\srikanth\missionrndprojects\mock_2\spec\debug\mangocollectorspec.obj
c:\users\srikanth\missionrndprojects\mock_2\spec\debug\commonroutespec.obj
c:\users\srikanth\missionrndprojects\mock_2\spec\debug\assemblyinfo.obj
c:\users\srikanth\missionrndprojects\mock_2\spec\debug\.netframework,version=v4.0.assemblyattributes.obj
c:\users\srikanth\missionrndprojects\mock_2\debug\spec.dll
c:\users\srikanth\missionrndprojects\mock_2\debug\spec.pdb
c:\users\srikanth\missionrndprojects\mock_2\spec\debug\spec.tlog\metagen.write.1.tlog
c:\users\srikanth\missionrndprojects\mock_2\spec\debug\app.res
c:\users\srikanth\missionrndprojects\mock_2\spec\debug\spec.vcxprojresolveassemblyreference.cache
c:\users\srikanth\missionrndprojects\mock_2\spec\debug\spec.tlog\cl.command.1.tlog
c:\users\srikanth\missionrndprojects\mock_2\spec\debug\spec.tlog\cl.read.1.tlog
c:\users\srikanth\missionrndprojects\mock_2\spec\debug\spec.tlog\cl.write.1.tlog
c:\users\srikanth\missionrndprojects\mock_2\spec\debug\spec.tlog\link.command.1.tlog
c:\users\srikanth\missionrndprojects\mock_2\spec\debug\spec.tlog\link.read.1.tlog
c:\users\srikanth\missionrndprojects\mock_2\spec\debug\spec.tlog\link.write.1.tlog
c:\users\srikanth\missionrndprojects\mock_2\spec\debug\spec.tlog\metagen.read.1.tlog
c:\users\srikanth\missionrndprojects\mock_2\spec\debug\spec.tlog\rc.command.1.tlog
c:\users\srikanth\missionrndprojects\mock_2\spec\debug\spec.tlog\rc.read.1.tlog
c:\users\srikanth\missionrndprojects\mock_2\spec\debug\spec.tlog\rc.write.1.tlog
c:\users\srikanth\missionrndprojects\mock_2\spec\debug\spec.tlog\microsoft.visualstudio.qualitytools.unittestframework.dll.metagen
c:\users\srikanth\missionrndprojects\mock_2\spec\debug\spec.tlog\tzres.dll.bi
